This is pdfTeX, Version 3.14159265-2.6-1.40.19 (TeX Live 2018) (preloaded format=pdflatex 2018.10.18)  13 NOV 2018 20:48
entering extended mode
 \write18 enabled.
 file:line:error style messages enabled.
 %&-line parsing enabled.
**RASD.tex
(./RASD.tex
LaTeX2e <2018-04-01> patch level 2
Babel <3.18> and hyphenation patterns for 22 language(s) loaded.
(/usr/local/texlive/2018basic/texmf-dist/tex/latex/base/article.cls
Document Class: article 2014/09/29 v1.4h Standard LaTeX document class
(/usr/local/texlive/2018basic/texmf-dist/tex/latex/base/size10.clo
File: size10.clo 2014/09/29 v1.4h Standard LaTeX file (size option)
)
\c@part=\count80
\c@section=\count81
\c@subsection=\count82
\c@subsubsection=\count83
\c@paragraph=\count84
\c@subparagraph=\count85
\c@figure=\count86
\c@table=\count87
\abovecaptionskip=\skip41
\belowcaptionskip=\skip42
\bibindent=\dimen102
) (/usr/local/texlive/2018basic/texmf-dist/tex/latex/base/inputenc.sty
Package: inputenc 2018/04/06 v1.3b Input encoding file
\inpenc@prehook=\toks14
\inpenc@posthook=\toks15
) (/usr/local/texlive/2018basic/texmf-dist/tex/latex/enumitem/enumitem.sty
Package: enumitem 2011/09/28 v3.5.2 Customized lists
\enitkv@toks@=\toks16
\labelindent=\skip43
\enit@outerparindent=\dimen103
\enit@toks=\toks17
\enit@inbox=\box26
\enitdp@description=\count88
) (/usr/local/texlive/2018basic/texmf-dist/tex/latex/hyperref/nameref.sty
Package: nameref 2016/05/21 v2.44 Cross-referencing by name of section
 (/usr/local/texlive/2018basic/texmf-dist/tex/latex/oberdiek/refcount.sty
Package: refcount 2016/05/16 v3.5 Data extraction from label references (HO)
 (/usr/local/texlive/2018basic/texmf-dist/tex/generic/oberdiek/ltxcmds.sty
Package: ltxcmds 2016/05/16 v1.23 LaTeX kernel commands for general use (HO)
) (/usr/local/texlive/2018basic/texmf-dist/tex/generic/oberdiek/infwarerr.sty
Package: infwarerr 2016/05/16 v1.4 Providing info/warning/error messages (HO)
)) (/usr/local/texlive/2018basic/texmf-dist/tex/generic/oberdiek/gettitlestring.sty
Package: gettitlestring 2016/05/16 v1.5 Cleanup title references (HO)
 (/usr/local/texlive/2018basic/texmf-dist/tex/latex/oberdiek/kvoptions.sty
Package: kvoptions 2016/05/16 v3.12 Key value format for package options (HO)
 (/usr/local/texlive/2018basic/texmf-dist/tex/latex/graphics/keyval.sty
Package: keyval 2014/10/28 v1.15 key=value parser (DPC)
\KV@toks@=\toks18
) (/usr/local/texlive/2018basic/texmf-dist/tex/generic/oberdiek/kvsetkeys.sty
Package: kvsetkeys 2016/05/16 v1.17 Key value parser (HO)
 (/usr/local/texlive/2018basic/texmf-dist/tex/generic/oberdiek/etexcmds.sty
Package: etexcmds 2016/05/16 v1.6 Avoid name clashes with e-TeX commands (HO)
 (/usr/local/texlive/2018basic/texmf-dist/tex/generic/oberdiek/ifluatex.sty
Package: ifluatex 2016/05/16 v1.4 Provides the ifluatex switch (HO)
Package ifluatex Info: LuaTeX not detected.
)
Package etexcmds Info: Could not find \expanded.
(etexcmds)             That can mean that you are not using pdfTeX 1.50 or
(etexcmds)             that some package has redefined \expanded.
(etexcmds)             In the latter case, load this package earlier.
))))
\c@section@level=\count89
LaTeX Info: Redefining \ref on input line 355.
LaTeX Info: Redefining \pageref on input line 355.
) (/usr/local/texlive/2018basic/texmf-dist/tex/latex/graphics/graphicx.sty
Package: graphicx 2017/06/01 v1.1a Enhanced LaTeX Graphics (DPC,SPQR)
 (/usr/local/texlive/2018basic/texmf-dist/tex/latex/graphics/graphics.sty
Package: graphics 2017/06/25 v1.2c Standard LaTeX Graphics (DPC,SPQR)
 (/usr/local/texlive/2018basic/texmf-dist/tex/latex/graphics/trig.sty
Package: trig 2016/01/03 v1.10 sin cos tan (DPC)
) (/usr/local/texlive/2018basic/texmf-dist/tex/latex/graphics-cfg/graphics.cfg
File: graphics.cfg 2016/06/04 v1.11 sample graphics configuration
)
Package graphics Info: Driver file: pdftex.def on input line 99.
 (/usr/local/texlive/2018basic/texmf-dist/tex/latex/graphics-def/pdftex.def
File: pdftex.def 2018/01/08 v1.0l Graphics/color driver for pdftex
))
\Gin@req@height=\dimen104
\Gin@req@width=\dimen105
) (/usr/local/texlive/2018basic/texmf-dist/tex/latex/graphics/rotating.sty
Package: rotating 2016/08/11 v2.16d rotated objects in LaTeX
 (/usr/local/texlive/2018basic/texmf-dist/tex/latex/base/ifthen.sty
Package: ifthen 2014/09/29 v1.1c Standard LaTeX ifthen package (DPC)
)
\c@r@tfl@t=\count90
\rotFPtop=\skip44
\rotFPbot=\skip45
\rot@float@box=\box27
\rot@mess@toks=\toks19
) (/usr/local/texlive/2018basic/texmf-dist/tex/latex/oberdiek/epstopdf.sty
Package: epstopdf 2016/05/15 v2.6 Conversion with epstopdf on the fly (HO)
 (/usr/local/texlive/2018basic/texmf-dist/tex/latex/oberdiek/epstopdf-base.sty
Package: epstopdf-base 2016/05/15 v2.6 Base part for package epstopdf
 (/usr/local/texlive/2018basic/texmf-dist/tex/latex/oberdiek/grfext.sty
Package: grfext 2016/05/16 v1.2 Manage graphics extensions (HO)
 (/usr/local/texlive/2018basic/texmf-dist/tex/generic/oberdiek/kvdefinekeys.sty
Package: kvdefinekeys 2016/05/16 v1.4 Define keys (HO)
)) (/usr/local/texlive/2018basic/texmf-dist/tex/generic/oberdiek/pdftexcmds.sty
Package: pdftexcmds 2018/01/30 v0.27 Utility functions of pdfTeX for LuaTeX (HO)
 (/usr/local/texlive/2018basic/texmf-dist/tex/generic/oberdiek/ifpdf.sty
Package: ifpdf 2017/03/15 v3.2 Provides the ifpdf switch
)
Package pdftexcmds Info: LuaTeX not detected.
Package pdftexcmds Info: \pdf@primitive is available.
Package pdftexcmds Info: \pdf@ifprimitive is available.
Package pdftexcmds Info: \pdfdraftmode found.
)
Package epstopdf-base Info: Redefining graphics rule for `.eps' on input line 438.
Package grfext Info: Graphics extension search list:
(grfext)             [.pdf,.png,.jpg,.mps,.jpeg,.jbig2,.jb2,.PDF,.PNG,.JPG,.JPEG,.JBIG2,.JB2,.eps]
(grfext)             \AppendGraphicsExtensions on input line 456.
 (/usr/local/texlive/2018basic/texmf-dist/tex/latex/latexconfig/epstopdf-sys.cfg
File: epstopdf-sys.cfg 2010/07/13 v1.3 Configuration of (r)epstopdf for TeX Live
)))
(/usr/local/texlive/2018basic/texmf-dist/tex/latex/hyperref/hyperref.sty
Package: hyperref 2018/02/06 v6.86b Hypertext links for LaTeX
 (/usr/local/texlive/2018basic/texmf-dist/tex/generic/oberdiek/hobsub-hyperref.sty
Package: hobsub-hyperref 2016/05/16 v1.14 Bundle oberdiek, subset hyperref (HO)
 (/usr/local/texlive/2018basic/texmf-dist/tex/generic/oberdiek/hobsub-generic.sty
Package: hobsub-generic 2016/05/16 v1.14 Bundle oberdiek, subset generic (HO)
Package: hobsub 2016/05/16 v1.14 Construct package bundles (HO)
Package hobsub Info: Skipping package `infwarerr' (already loaded).
Package hobsub Info: Skipping package `ltxcmds' (already loaded).
Package hobsub Info: Skipping package `ifluatex' (already loaded).
Package: ifvtex 2016/05/16 v1.6 Detect VTeX and its facilities (HO)
Package ifvtex Info: VTeX not detected.
Package: intcalc 2016/05/16 v1.2 Expandable calculations with integers (HO)
Package hobsub Info: Skipping package `ifpdf' (already loaded).
Package hobsub Info: Skipping package `etexcmds' (already loaded).
Package hobsub Info: Skipping package `kvsetkeys' (already loaded).
Package hobsub Info: Skipping package `kvdefinekeys' (already loaded).
Package hobsub Info: Skipping package `pdftexcmds' (already loaded).
Package: pdfescape 2016/05/16 v1.14 Implements pdfTeX's escape features (HO)
Package: bigintcalc 2016/05/16 v1.4 Expandable calculations on big integers (HO)
Package: bitset 2016/05/16 v1.2 Handle bit-vector datatype (HO)
Package: uniquecounter 2016/05/16 v1.3 Provide unlimited unique counter (HO)
)
Package hobsub Info: Skipping package `hobsub' (already loaded).
Package: letltxmacro 2016/05/16 v1.5 Let assignment for LaTeX macros (HO)
Package: hopatch 2016/05/16 v1.3 Wrapper for package hooks (HO)
Package: xcolor-patch 2016/05/16 xcolor patch
Package: atveryend 2016/05/16 v1.9 Hooks at the very end of document (HO)
Package atveryend Info: \enddocument detected (standard20110627).
Package: atbegshi 2016/06/09 v1.18 At begin shipout hook (HO)
Package hobsub Info: Skipping package `refcount' (already loaded).
Package: hycolor 2016/05/16 v1.8 Color options for hyperref/bookmark (HO)
) (/usr/local/texlive/2018basic/texmf-dist/tex/generic/ifxetex/ifxetex.sty
Package: ifxetex 2010/09/12 v0.6 Provides ifxetex conditional
) (/usr/local/texlive/2018basic/texmf-dist/tex/latex/oberdiek/auxhook.sty
Package: auxhook 2016/05/16 v1.4 Hooks for auxiliary files (HO)
)
\@linkdim=\dimen106
\Hy@linkcounter=\count91
\Hy@pagecounter=\count92
 (/usr/local/texlive/2018basic/texmf-dist/tex/latex/hyperref/pd1enc.def
File: pd1enc.def 2018/02/06 v6.86b Hyperref: PDFDocEncoding definition (HO)
Now handling font encoding PD1 ...
... no UTF-8 mapping file for font encoding PD1
)
\Hy@SavedSpaceFactor=\count93
 (/usr/local/texlive/2018basic/texmf-dist/tex/latex/latexconfig/hyperref.cfg
File: hyperref.cfg 2002/06/06 v1.2 hyperref configuration of TeXLive
)
Package hyperref Info: Hyper figures OFF on input line 4509.
Package hyperref Info: Link nesting OFF on input line 4514.
Package hyperref Info: Hyper index ON on input line 4517.
Package hyperref Info: Plain pages OFF on input line 4524.
Package hyperref Info: Backreferencing OFF on input line 4529.
Package hyperref Info: Implicit mode ON; LaTeX internals redefined.
Package hyperref Info: Bookmarks ON on input line 4762.
\c@Hy@tempcnt=\count94
 (/usr/local/texlive/2018basic/texmf-dist/tex/latex/url/url.sty
\Urlmuskip=\muskip10
Package: url 2013/09/16  ver 3.4  Verb mode for urls, etc.
)
LaTeX Info: Redefining \url on input line 5115.
\XeTeXLinkMargin=\dimen107
\Fld@menulength=\count95
\Field@Width=\dimen108
\Fld@charsize=\dimen109
Package hyperref Info: Hyper figures OFF on input line 6369.
Package hyperref Info: Link nesting OFF on input line 6374.
Package hyperref Info: Hyper index ON on input line 6377.
Package hyperref Info: backreferencing OFF on input line 6384.
Package hyperref Info: Link coloring OFF on input line 6389.
Package hyperref Info: Link coloring with OCG OFF on input line 6394.
Package hyperref Info: PDF/A mode OFF on input line 6399.
LaTeX Info: Redefining \ref on input line 6439.
LaTeX Info: Redefining \pageref on input line 6443.
\Hy@abspage=\count96
\c@Item=\count97
\c@Hfootnote=\count98
)
Package hyperref Info: Driver (autodetected): hpdftex.
 (/usr/local/texlive/2018basic/texmf-dist/tex/latex/hyperref/hpdftex.def
File: hpdftex.def 2018/02/06 v6.86b Hyperref driver for pdfTeX
\Fld@listcount=\count99
\c@bookmark@seq@number=\count100
 (/usr/local/texlive/2018basic/texmf-dist/tex/latex/oberdiek/rerunfilecheck.sty
Package: rerunfilecheck 2016/05/16 v1.8 Rerun checks for auxiliary files (HO)
Package uniquecounter Info: New unique counter `rerunfilecheck' on input line 282.
)
\Hy@SectionHShift=\skip46
)
Package hyperref Info: Option `colorlinks' set `true' on input line 18.
 (/usr/local/texlive/2018basic/texmf-dist/tex/latex/xcolor/xcolor.sty
Package: xcolor 2016/05/11 v2.12 LaTeX color extensions (UK)
 (/usr/local/texlive/2018basic/texmf-dist/tex/latex/graphics-cfg/color.cfg
File: color.cfg 2016/01/02 v1.6 sample color configuration
)
Package xcolor Info: Driver file: pdftex.def on input line 225.
Package xcolor Info: Model `cmy' substituted by `cmy0' on input line 1348.
Package xcolor Info: Model `hsb' substituted by `rgb' on input line 1352.
Package xcolor Info: Model `RGB' extended on input line 1364.
Package xcolor Info: Model `HTML' substituted by `rgb' on input line 1366.
Package xcolor Info: Model `Hsb' substituted by `hsb' on input line 1367.
Package xcolor Info: Model `tHsb' substituted by `hsb' on input line 1368.
Package xcolor Info: Model `HSB' substituted by `hsb' on input line 1369.
Package xcolor Info: Model `Gray' substituted by `gray' on input line 1370.
Package xcolor Info: Model `wave' substituted by `hsb' on input line 1371.
 (/usr/local/texlive/2018basic/texmf-dist/tex/latex/graphics/dvipsnam.def
File: dvipsnam.def 2016/06/17 v3.0m Driver-dependent file (DPC,SPQR)
)) (/usr/local/texlive/2018basic/texmf-dist/tex/latex/listings/listings.sty
\lst@mode=\count101
\lst@gtempboxa=\box28
\lst@token=\toks20
\lst@length=\count102
\lst@currlwidth=\dimen110
\lst@column=\count103
\lst@pos=\count104
\lst@lostspace=\dimen111
\lst@width=\dimen112
\lst@newlines=\count105
\lst@lineno=\count106
\lst@maxwidth=\dimen113
 (/usr/local/texlive/2018basic/texmf-dist/tex/latex/listings/lstmisc.sty
File: lstmisc.sty 2015/06/04 1.6 (Carsten Heinz)
\c@lstnumber=\count107
\lst@skipnumbers=\count108
\lst@framebox=\box29
) (/usr/local/texlive/2018basic/texmf-dist/tex/latex/listings/listings.cfg
File: listings.cfg 2015/06/04 1.6 listings configuration
))
Package: listings 2015/06/04 1.6 (Carsten Heinz)
 (/Users/francescoperessini/Library/texmf/tex/latex/alloy-style/alloy-style.sty) (/Users/francescoperessini/Desktop/IngSoft2/MartinaNicheliniPeressini/RASD/.texpadtmp/RASD.aux)
\openout1 = `RASD.aux'.

LaTeX Font Info:    Checking defaults for OML/cmm/m/it on input line 23.
LaTeX Font Info:    ... okay on input line 23.
LaTeX Font Info:    Checking defaults for T1/cmr/m/n on input line 23.
LaTeX Font Info:    ... okay on input line 23.
LaTeX Font Info:    Checking defaults for OT1/cmr/m/n on input line 23.
LaTeX Font Info:    ... okay on input line 23.
LaTeX Font Info:    Checking defaults for OMS/cmsy/m/n on input line 23.
LaTeX Font Info:    ... okay on input line 23.
LaTeX Font Info:    Checking defaults for OMX/cmex/m/n on input line 23.
LaTeX Font Info:    ... okay on input line 23.
LaTeX Font Info:    Checking defaults for U/cmr/m/n on input line 23.
LaTeX Font Info:    ... okay on input line 23.
LaTeX Font Info:    Checking defaults for PD1/pdf/m/n on input line 23.
LaTeX Font Info:    ... okay on input line 23.
 (/usr/local/texlive/2018basic/texmf-dist/tex/context/base/mkii/supp-pdf.mkii
[Loading MPS to PDF converter (version 2006.09.02).]
\scratchcounter=\count109
\scratchdimen=\dimen114
\scratchbox=\box30
\nofMPsegments=\count110
\nofMParguments=\count111
\everyMPshowfont=\toks21
\MPscratchCnt=\count112
\MPscratchDim=\dimen115
\MPnumerator=\count113
\makeMPintoPDFobject=\count114
\everyMPtoPDFconversion=\toks22
)
\AtBeginShipoutBox=\box31
Package hyperref Info: Link coloring ON on input line 23.
LaTeX Info: Redefining \ref on input line 23.
LaTeX Info: Redefining \pageref on input line 23.
LaTeX Info: Redefining \nameref on input line 23.
 (/Users/francescoperessini/Desktop/IngSoft2/MartinaNicheliniPeressini/RASD/.texpadtmp/RASD.out) (/Users/francescoperessini/Desktop/IngSoft2/MartinaNicheliniPeressini/RASD/.texpadtmp/RASD.out)
\@outlinefile=\write3
\openout3 = `RASD.out'.

\c@lstlisting=\count115
<Figures/logo.png, id=209, 666.49pt x 489.83pt>
File: Figures/logo.png Graphic file (type png)
<use Figures/logo.png>
Package pdftex.def Info: Figures/logo.png  used on input line 27.
(pdftex.def)             Requested size: 241.96pt x 177.82971pt.
LaTeX Font Info:    External font `cmex10' loaded for size
(Font)              <12> on input line 35.
LaTeX Font Info:    External font `cmex10' loaded for size
(Font)              <8> on input line 35.
LaTeX Font Info:    External font `cmex10' loaded for size
(Font)              <6> on input line 35.
 [1

{/usr/local/texlive/2018basic/texmf-var/fonts/map/pdftex/updmap/pdftex.map} <./Figures/logo.png>] (/Users/francescoperessini/Desktop/IngSoft2/MartinaNicheliniPeressini/RASD/.texpadtmp/RASD.toc
LaTeX Font Info:    External font `cmex10' loaded for size
(Font)              <7> on input line 2.
LaTeX Font Info:    External font `cmex10' loaded for size
(Font)              <5> on input line 2.
 [2])
\tf@toc=\write4
\openout4 = `RASD.toc'.

 [3]
LaTeX Font Info:    Try loading font information for OMS+cmr on input line 52.
 (/usr/local/texlive/2018basic/texmf-dist/tex/latex/base/omscmr.fd
File: omscmr.fd 2014/09/29 v2.5h Standard LaTeX font definitions
)
LaTeX Font Info:    Font shape `OMS/cmr/m/n' in size <10> not available
(Font)              Font shape `OMS/cmsy/m/n' tried instead on input line 52.
<Figures/Services.png, id=283, 342.27875pt x 181.67876pt>
File: Figures/Services.png Graphic file (type png)
<use Figures/Services.png>
Package pdftex.def Info: Figures/Services.png  used on input line 64.
(pdftex.def)             Requested size: 241.22298pt x 128.0374pt.
 [4 <./Figures/Services.png>] [5] [6] [7]
<Figures/ClassDiagram.png, id=321, 1095.09125pt x 504.88625pt>
File: Figures/ClassDiagram.png Graphic file (type png)
<use Figures/ClassDiagram.png>
Package pdftex.def Info: Figures/ClassDiagram.png  used on input line 196.
(pdftex.def)             Requested size: 345.0pt x 159.06311pt.
 [8 <./Figures/ClassDiagram.png>]
<Figures/State1.png, id=328, 502.87875pt x 327.2225pt>
File: Figures/State1.png Graphic file (type png)
<use Figures/State1.png>
Package pdftex.def Info: Figures/State1.png  used on input line 206.
(pdftex.def)             Requested size: 345.0pt x 224.49057pt.
<Figures/State2.jpg, id=329, 793.96625pt x 457.71pt>
File: Figures/State2.jpg Graphic file (type jpg)
<use Figures/State2.jpg>
Package pdftex.def Info: Figures/State2.jpg  used on input line 212.
(pdftex.def)             Requested size: 345.0pt x 198.89272pt.


LaTeX Warning: `!h' float specifier changed to `!ht'.

[9 <./Figures/State1.png>]
<Figures/State3.png, id=336, 613.29124pt x 367.3725pt>
File: Figures/State3.png Graphic file (type png)
<use Figures/State3.png>
Package pdftex.def Info: Figures/State3.png  used on input line 220.
(pdftex.def)             Requested size: 345.0pt x 206.66333pt.
 [10 <./Figures/State2.jpg> <./Figures/State3.png>] [11] [12]
<Figures/1SignUp.png, id=373, 555.07375pt x 1214.5375pt>
File: Figures/1SignUp.png Graphic file (type png)
<use Figures/1SignUp.png>
Package pdftex.def Info: Figures/1SignUp.png  used on input line 309.
(pdftex.def)             Requested size: 195.04945pt x 426.79134pt.
 [13 <./Figures/1SignUp.png>]
<Figures/2SignIn.png, id=381, 554.07pt x 1211.52625pt>
File: Figures/2SignIn.png Graphic file (type png)
<use Figures/2SignIn.png>
Package pdftex.def Info: Figures/2SignIn.png  used on input line 315.
(pdftex.def)             Requested size: 195.1871pt x 426.79134pt.
 [14 <./Figures/2SignIn.png>]
<Figures/3Dashboard.png, id=388, 555.07375pt x 1212.53pt>
File: Figures/3Dashboard.png Graphic file (type png)
<use Figures/3Dashboard.png>
Package pdftex.def Info: Figures/3Dashboard.png  used on input line 321.
(pdftex.def)             Requested size: 195.37978pt x 426.79134pt.
 [15 <./Figures/3Dashboard.png>]
<Figures/4DataSharing.png, id=395, 558.085pt x 1215.54124pt>
File: Figures/4DataSharing.png Graphic file (type png)
<use Figures/4DataSharing.png>
Package pdftex.def Info: Figures/4DataSharing.png  used on input line 327.
(pdftex.def)             Requested size: 195.9458pt x 426.79134pt.
 [16 <./Figures/4DataSharing.png>]
<Figures/5AutomatedSOS.png, id=402, 559.08875pt x 1215.54124pt>
File: Figures/5AutomatedSOS.png Graphic file (type png)
<use Figures/5AutomatedSOS.png>
Package pdftex.def Info: Figures/5AutomatedSOS.png  used on input line 333.
(pdftex.def)             Requested size: 196.29822pt x 426.79134pt.
 [17 <./Figures/5AutomatedSOS.png>]
<Figures/6Low.png, id=409, 558.085pt x 1217.54875pt>
File: Figures/6Low.png Graphic file (type png)
<use Figures/6Low.png>
Package pdftex.def Info: Figures/6Low.png  used on input line 339.
(pdftex.def)             Requested size: 195.62221pt x 426.79134pt.
 [18 <./Figures/6Low.png>]
<Figures/7Track4Run.png, id=416, 557.08125pt x 1213.53375pt>
File: Figures/7Track4Run.png Graphic file (type png)
<use Figures/7Track4Run.png>
Package pdftex.def Info: Figures/7Track4Run.png  used on input line 345.
(pdftex.def)             Requested size: 195.9249pt x 426.79134pt.
 [19 <./Figures/7Track4Run.png>]
<Figures/8Path.png, id=424, 559.08875pt x 1216.545pt>
File: Figures/8Path.png Graphic file (type png)
<use Figures/8Path.png>
Package pdftex.def Info: Figures/8Path.png  used on input line 351.
(pdftex.def)             Requested size: 196.13612pt x 426.79134pt.
 [20 <./Figures/8Path.png>]
<Figures/9Single.png, id=431, 1065.9825pt x 751.80875pt>
File: Figures/9Single.png Graphic file (type png)
<use Figures/9Single.png>
Package pdftex.def Info: Figures/9Single.png  used on input line 357.
(pdftex.def)             Requested size: 345.0pt x 243.31396pt.
 [21 <./Figures/9Single.png>]
<Figures/10Group.png, id=438, 1065.9825pt x 755.82375pt>
File: Figures/10Group.png Graphic file (type png)
<use Figures/10Group.png>
Package pdftex.def Info: Figures/10Group.png  used on input line 363.
(pdftex.def)             Requested size: 345.0pt x 244.61337pt.
 [22 <./Figures/10Group.png>] [23]

./RASD.tex:461: Package inputenc Error: Unicode character ﬁ (U+FB01)
(inputenc)                not set up for use with LaTeX.

See the inputenc package documentation for explanation.
Type  H <return>  for immediate help.
 ...                                              
                                                  
l.461 		notiﬁ
               cations.
You may provide a definition with
\DeclareUnicodeCharacter 

[24]
Overfull \hbox (120.0177pt too wide) in paragraph at lines 487--496
[][] 
 []


Overfull \hbox (120.0177pt too wide) in paragraph at lines 500--515
[][] 
 []

[25]
Overfull \hbox (120.0177pt too wide) in paragraph at lines 520--535
[][] 
 []


Overfull \hbox (120.0177pt too wide) in paragraph at lines 539--554
[][] 
 []

[26]
Overfull \hbox (3.53557pt too wide) in paragraph at lines 569--570
[][]| 
 []


Overfull \hbox (120.0177pt too wide) in paragraph at lines 559--574
[][] 
 []


Overfull \hbox (1.5357pt too wide) in paragraph at lines 588--589
[][]| 
 []


Overfull \hbox (4.86896pt too wide) in paragraph at lines 590--591
[][]| 
 []


Overfull \hbox (120.0177pt too wide) in paragraph at lines 578--593
[][] 
 []

[27]
Overfull \hbox (120.0177pt too wide) in paragraph at lines 598--613
[][] 
 []


Overfull \hbox (120.0177pt too wide) in paragraph at lines 617--632
[][] 
 []

[28]
Overfull \hbox (120.0177pt too wide) in paragraph at lines 637--652
[][] 
 []

[29]
<Figures/UseCaseDiagram.png, id=484, 1214.5375pt x 1175.39125pt>
File: Figures/UseCaseDiagram.png Graphic file (type png)
<use Figures/UseCaseDiagram.png>
Package pdftex.def Info: Figures/UseCaseDiagram.png  used on input line 658.
(pdftex.def)             Requested size: 345.0pt x 333.87802pt.
 [30 <./Figures/UseCaseDiagram.png>]
<Figures/Sequence-Event.png, id=491, 814.04124pt x 805.0075pt>
File: Figures/Sequence-Event.png Graphic file (type png)
<use Figures/Sequence-Event.png>
Package pdftex.def Info: Figures/Sequence-Event.png  used on input line 665.
(pdftex.def)             Requested size: 345.0pt x 341.1717pt.
 [31 <./Figures/Sequence-Event.png>]
<Figures/Sequence-AtomatedSOS.png, id=499, 763.85374pt x 482.80376pt>
File: Figures/Sequence-AtomatedSOS.png Graphic file (type png)
<use Figures/Sequence-AtomatedSOS.png>
Package pdftex.def Info: Figures/Sequence-AtomatedSOS.png  used on input line 671.
(pdftex.def)             Requested size: 345.0pt x 218.06268pt.
 [32 <./Figures/Sequence-AtomatedSOS.png>]
<Figures/Sequence-Data.png, id=506, 674.52pt x 702.625pt>
File: Figures/Sequence-Data.png Graphic file (type png)
<use Figures/Sequence-Data.png>
Package pdftex.def Info: Figures/Sequence-Data.png  used on input line 676.
(pdftex.def)             Requested size: 345.0pt x 359.38467pt.
 [33 <./Figures/Sequence-Data.png>] [34] [35] [36] [37]
Package hyperref Info: bookmark level for unknown lstlisting defaults to 0 on input line 807.
 (./Alloy/Alloy.als
LaTeX Font Info:    Font shape `OT1/cmtt/bx/n' in size <7> not available
(Font)              Font shape `OT1/cmtt/m/n' tried instead on input line 1.
 [38] [39]) [40]
<Figures/AlloyPredicates.png, id=688, 505.89pt x 368.37625pt>
File: Figures/AlloyPredicates.png Graphic file (type png)
<use Figures/AlloyPredicates.png>
Package pdftex.def Info: Figures/AlloyPredicates.png  used on input line 812.
(pdftex.def)             Requested size: 312.591pt x 227.62204pt.
 [41 <./Figures/AlloyPredicates.png>]
<Figures/AlloyWorld.png, id=695, 1227.58624pt x 871.255pt>
File: Figures/AlloyWorld.png Graphic file (type png)
<use Figures/AlloyWorld.png>
Package pdftex.def Info: Figures/AlloyWorld.png  used on input line 821.
(pdftex.def)             Requested size: 400.89014pt x 284.52756pt.
 [42 <./Figures/AlloyWorld.png>]
Package atveryend Info: Empty hook `BeforeClearDocument' on input line 834.
 [43]
Package atveryend Info: Empty hook `AfterLastShipout' on input line 834.
 (/Users/francescoperessini/Desktop/IngSoft2/MartinaNicheliniPeressini/RASD/.texpadtmp/RASD.aux)
Package atveryend Info: Executing hook `AtVeryEndDocument' on input line 834.
Package atveryend Info: Executing hook `AtEndAfterFileList' on input line 834.
Package rerunfilecheck Info: File `RASD.out' has not changed.
(rerunfilecheck)             Checksum: <no file>.
Package atveryend Info: Empty hook `AtVeryVeryEnd' on input line 834.
 ) 
Here is how much of TeX's memory you used:
 8199 strings out of 494091
 120673 string characters out of 6163522
 495485 words of memory out of 5000000
 11458 multiletter control sequences out of 15000+600000
 8924 words of font info for 32 fonts, out of 8000000 for 9000
 319 hyphenation exceptions out of 8191
 42i,16n,43p,409b,1966s stack positions out of 5000i,500n,10000p,200000b,80000s
</usr/local/texlive/2018basic/texmf-dist/fonts/type1/public/amsfonts/cm/cmbx10.pfb></usr/local/texlive/2018basic/texmf-dist/fonts/type1/public/amsfonts/cm/cmbx12.pfb></usr/local/texlive/2018basic/texmf-dist/fonts/type1/public/amsfonts/cm/cmitt10.pfb></usr/local/texlive/2018basic/texmf-dist/fonts/type1/public/amsfonts/cm/cmmi10.pfb></usr/local/texlive/2018basic/texmf-dist/fonts/type1/public/amsfonts/cm/cmmi7.pfb></usr/local/texlive/2018basic/texmf-dist/fonts/type1/public/amsfonts/cm/cmr10.pfb></usr/local/texlive/2018basic/texmf-dist/fonts/type1/public/amsfonts/cm/cmr12.pfb></usr/local/texlive/2018basic/texmf-dist/fonts/type1/public/amsfonts/cm/cmr17.pfb></usr/local/texlive/2018basic/texmf-dist/fonts/type1/public/amsfonts/cm/cmr7.pfb></usr/local/texlive/2018basic/texmf-dist/fonts/type1/public/amsfonts/cm/cmsy10.pfb></usr/local/texlive/2018basic/texmf-dist/fonts/type1/public/amsfonts/cm/cmsy7.pfb></usr/local/texlive/2018basic/texmf-dist/fonts/type1/public/amsfonts/cm/cmti10.pfb></usr/local/texlive/2018basic/texmf-dist/fonts/type1/public/amsfonts/cm/cmti12.pfb></usr/local/texlive/2018basic/texmf-dist/fonts/type1/public/amsfonts/cm/cmtt8.pfb>
Output written on /Users/francescoperessini/Desktop/IngSoft2/MartinaNicheliniPeressini/RASD/.texpadtmp/RASD.pdf (43 pages, 1441326 bytes).
PDF statistics:
 820 PDF objects out of 1000 (max. 8388607)
 710 compressed objects within 8 object streams
 299 named destinations out of 1000 (max. 500000)
 519 words of extra memory for PDF output out of 10000 (max. 10000000)

