\BOOKMARK [1][-]{section.1}{Introduction}{}% 1
\BOOKMARK [2][-]{subsection.1.1}{Purpose}{section.1}% 2
\BOOKMARK [2][-]{subsection.1.2}{Scope}{section.1}% 3
\BOOKMARK [3][-]{subsubsection.1.2.1}{Description of the problem}{subsection.1.2}% 4
\BOOKMARK [3][-]{subsubsection.1.2.2}{World Phenomena}{subsection.1.2}% 5
\BOOKMARK [3][-]{subsubsection.1.2.3}{Machine Phenomena}{subsection.1.2}% 6
\BOOKMARK [3][-]{subsubsection.1.2.4}{Shared Phenomena}{subsection.1.2}% 7
\BOOKMARK [3][-]{subsubsection.1.2.5}{Goals}{subsection.1.2}% 8
\BOOKMARK [2][-]{subsection.1.3}{Definitions, Acronyms, Abbreviations}{section.1}% 9
\BOOKMARK [3][-]{subsubsection.1.3.1}{Definitions}{subsection.1.3}% 10
\BOOKMARK [3][-]{subsubsection.1.3.2}{Acronyms}{subsection.1.3}% 11
\BOOKMARK [3][-]{subsubsection.1.3.3}{Abbreviations}{subsection.1.3}% 12
\BOOKMARK [2][-]{subsection.1.4}{Revision history}{section.1}% 13
\BOOKMARK [2][-]{subsection.1.5}{Document Structure}{section.1}% 14
\BOOKMARK [1][-]{section.2}{Overall description}{}% 15
\BOOKMARK [2][-]{subsection.2.1}{Product perspective}{section.2}% 16
\BOOKMARK [3][-]{subsubsection.2.1.1}{Class Diagram}{subsection.2.1}% 17
\BOOKMARK [3][-]{subsubsection.2.1.2}{State Diagram}{subsection.2.1}% 18
\BOOKMARK [2][-]{subsection.2.2}{Product functions}{section.2}% 19
\BOOKMARK [2][-]{subsection.2.3}{Users characteristics}{section.2}% 20
\BOOKMARK [2][-]{subsection.2.4}{Assumptions, dependencies and constraints}{section.2}% 21
\BOOKMARK [3][-]{subsubsection.2.4.1}{Domain assumptions}{subsection.2.4}% 22
\BOOKMARK [1][-]{section.3}{Specific requirements}{}% 23
\BOOKMARK [2][-]{subsection.3.1}{External Interface Requirements}{section.3}% 24
\BOOKMARK [3][-]{subsubsection.3.1.1}{User Interfaces}{subsection.3.1}% 25
\BOOKMARK [3][-]{subsubsection.3.1.2}{Hardware Interfaces}{subsection.3.1}% 26
\BOOKMARK [3][-]{subsubsection.3.1.3}{Software Interfaces}{subsection.3.1}% 27
\BOOKMARK [3][-]{subsubsection.3.1.4}{Communication Interfaces}{subsection.3.1}% 28
\BOOKMARK [2][-]{subsection.3.2}{Functional Requirements}{section.3}% 29
\BOOKMARK [3][-]{subsubsection.3.2.1}{Definitions of use cases}{subsection.3.2}% 30
\BOOKMARK [3][-]{subsubsection.3.2.2}{Use case diagram}{subsection.3.2}% 31
\BOOKMARK [2][-]{subsection.3.3}{Sequence diagrams}{section.3}% 32
\BOOKMARK [2][-]{subsection.3.4}{Performance Requirements}{section.3}% 33
\BOOKMARK [2][-]{subsection.3.5}{Design Constraints}{section.3}% 34
\BOOKMARK [3][-]{subsubsection.3.5.1}{Standards compliance}{subsection.3.5}% 35
\BOOKMARK [3][-]{subsubsection.3.5.2}{Hardware limitations}{subsection.3.5}% 36
\BOOKMARK [3][-]{subsubsection.3.5.3}{Any other constraint}{subsection.3.5}% 37
\BOOKMARK [2][-]{subsection.3.6}{Software System Attributes}{section.3}% 38
\BOOKMARK [3][-]{subsubsection.3.6.1}{Reliability}{subsection.3.6}% 39
\BOOKMARK [3][-]{subsubsection.3.6.2}{Availability}{subsection.3.6}% 40
\BOOKMARK [3][-]{subsubsection.3.6.3}{Security}{subsection.3.6}% 41
\BOOKMARK [3][-]{subsubsection.3.6.4}{Maintainability}{subsection.3.6}% 42
\BOOKMARK [3][-]{subsubsection.3.6.5}{Portability}{subsection.3.6}% 43
\BOOKMARK [2][-]{subsection.3.7}{Scenarios}{section.3}% 44
\BOOKMARK [3][-]{subsubsection.3.7.1}{Scenario 1}{subsection.3.7}% 45
\BOOKMARK [3][-]{subsubsection.3.7.2}{Scenario 2}{subsection.3.7}% 46
\BOOKMARK [3][-]{subsubsection.3.7.3}{Scenario 3}{subsection.3.7}% 47
\BOOKMARK [3][-]{subsubsection.3.7.4}{Scenario 4}{subsection.3.7}% 48
\BOOKMARK [1][-]{section.4}{Formal analysis using Alloy}{}% 49
\BOOKMARK [2][-]{subsection.4.1}{World Generated}{section.4}% 50
\BOOKMARK [1][-]{section.5}{Effort spent}{}% 51
